[debug] [2020-01-14T20:05:33.551Z] ----------------------------------------------------------------------
[debug] [2020-01-14T20:05:33.553Z] Command:       /usr/local/bin/firebase /Users/rubenperezfeijoo/.cache/firebase/tools/lib/node_modules/firebase-tools/lib/bin/firebase init
[debug] [2020-01-14T20:05:33.553Z] CLI Version:   7.12.0
[debug] [2020-01-14T20:05:33.553Z] Platform:      darwin
[debug] [2020-01-14T20:05:33.553Z] Node Version:  v12.13.1
[debug] [2020-01-14T20:05:33.553Z] Time:          Tue Jan 14 2020 15:05:33 GMT-0500 (Eastern Standard Time)
[debug] [2020-01-14T20:05:33.554Z] ----------------------------------------------------------------------
[debug] [2020-01-14T20:05:33.554Z] 
[debug] [2020-01-14T20:05:33.558Z] > command requires scopes: ["email","openid","https://www.googleapis.com/auth/cloudplatformprojects.readonly","https://www.googleapis.com/auth/firebase","https://www.googleapis.com/auth/cloud-platform"]
[debug] [2020-01-14T20:05:33.558Z] > authorizing via signed-in user
[info] 
     ######## #### ########  ######## ########     ###     ######  ########
     ##        ##  ##     ## ##       ##     ##  ##   ##  ##       ##
     ######    ##  ########  ######   ########  #########  ######  ######
     ##        ##  ##    ##  ##       ##     ## ##     ##       ## ##
     ##       #### ##     ## ######## ########  ##     ##  ######  ########

You're about to initialize a Firebase project in this directory:

  /Users/rubenperezfeijoo/Desktop/JRS/final-project/parents-help-parents

[info] 
=== Project Setup
[info] 
[info] First, let's associate this project directory with a Firebase project.
[info] You can create multiple project aliases by running firebase use --add, 
[info] but for now we'll just set up a default project.
[info] 
[info] i  If you want to create a project in a Google Cloud organization or folder, please use "firebase projects:create" instead, and return to this command when you've created the project.
[debug] [2020-01-14T20:05:58.732Z] >>> HTTP REQUEST POST https://cloudresourcemanager.googleapis.com/v1/projects  

[debug] [2020-01-14T20:05:59.289Z] <<< HTTP RESPONSE 200
[debug] [2020-01-14T20:05:59.291Z] >>> HTTP REQUEST GET https://cloudresourcemanager.googleapis.com/v1/operations/cp.7441695919875445279  
 
[debug] [2020-01-14T20:05:59.853Z] <<< HTTP RESPONSE 200
[debug] [2020-01-14T20:06:00.359Z] [Project Creation Poller] Retrying task index 0
[debug] [2020-01-14T20:06:00.360Z] >>> HTTP REQUEST GET https://cloudresourcemanager.googleapis.com/v1/operations/cp.7441695919875445279  
 
[debug] [2020-01-14T20:06:00.984Z] <<< HTTP RESPONSE 200
[debug] [2020-01-14T20:06:01.985Z] [Project Creation Poller] Retrying task index 0
[debug] [2020-01-14T20:06:01.986Z] >>> HTTP REQUEST GET https://cloudresourcemanager.googleapis.com/v1/operations/cp.7441695919875445279  
 
[debug] [2020-01-14T20:06:02.602Z] <<< HTTP RESPONSE 200
[debug] [2020-01-14T20:06:04.605Z] [Project Creation Poller] Retrying task index 0
[debug] [2020-01-14T20:06:04.606Z] >>> HTTP REQUEST GET https://cloudresourcemanager.googleapis.com/v1/operations/cp.7441695919875445279  
 
[debug] [2020-01-14T20:06:05.077Z] <<< HTTP RESPONSE 200
[debug] [2020-01-14T20:06:09.078Z] [Project Creation Poller] Retrying task index 0
[debug] [2020-01-14T20:06:09.079Z] >>> HTTP REQUEST GET https://cloudresourcemanager.googleapis.com/v1/operations/cp.7441695919875445279  
 
[debug] [2020-01-14T20:06:09.683Z] <<< HTTP RESPONSE 200
[debug] [2020-01-14T20:06:17.684Z] [Project Creation Poller] Retrying task index 0
[debug] [2020-01-14T20:06:17.685Z] >>> HTTP REQUEST GET https://cloudresourcemanager.googleapis.com/v1/operations/cp.7441695919875445279  
 
[debug] [2020-01-14T20:06:18.347Z] <<< HTTP RESPONSE 200
[debug] [2020-01-14T20:06:18.348Z] >>> HTTP REQUEST POST https://firebase.googleapis.com/v1beta1/projects/parents-help-parents:addFirebase  
 
[debug] [2020-01-14T20:06:18.745Z] <<< HTTP RESPONSE 403
[debug] [2020-01-14T20:06:18.745Z] <<< HTTP RESPONSE BODY
[debug] [2020-01-14T20:06:18.746Z] HTTP Error: 403, The caller does not have permission
[debug] [2020-01-14T20:06:18.932Z] FirebaseError: HTTP Error: 403, The caller does not have permission
    at module.exports (/Users/rubenperezfeijoo/.cache/firebase/tools/lib/node_modules/firebase-tools/lib/responseToError.js:38:12)
    at Request._callback (/Users/rubenperezfeijoo/.cache/firebase/tools/lib/node_modules/firebase-tools/lib/api.js:39:35)
    at Request.self.callback (/Users/rubenperezfeijoo/.cache/firebase/tools/lib/node_modules/request/request.js:185:22)
    at Request.emit (events.js:210:5)
    at Request.EventEmitter.emit (domain.js:475:20)
    at Request.<anonymous> (/Users/rubenperezfeijoo/.cache/firebase/tools/lib/node_modules/request/request.js:1161:10)
    at Request.emit (events.js:210:5)
    at Request.EventEmitter.emit (domain.js:475:20)
    at IncomingMessage.<anonymous> (/Users/rubenperezfeijoo/.cache/firebase/tools/lib/node_modules/request/request.js:1083:12)
    at Object.onceWrapper (events.js:299:28)
    at IncomingMessage.emit (events.js:215:7)
    at IncomingMessage.EventEmitter.emit (domain.js:475:20)
    at endReadableNT (_stream_readable.js:1184:12)
    at processTicksAndRejections (internal/process/task_queues.js:80:21)
[error] 
[error] Error: Failed to add Firebase to Google Cloud Platform project. See firebase-debug.log for more info.
[debug] [2020-01-14T20:06:29.050Z] ----------------------------------------------------------------------
[debug] [2020-01-14T20:06:29.051Z] Command:       /usr/local/bin/firebase /Users/rubenperezfeijoo/.cache/firebase/tools/lib/node_modules/firebase-tools/lib/bin/firebase init
[debug] [2020-01-14T20:06:29.051Z] CLI Version:   7.12.0
[debug] [2020-01-14T20:06:29.051Z] Platform:      darwin
[debug] [2020-01-14T20:06:29.051Z] Node Version:  v12.13.1
[debug] [2020-01-14T20:06:29.052Z] Time:          Tue Jan 14 2020 15:06:29 GMT-0500 (Eastern Standard Time)
[debug] [2020-01-14T20:06:29.052Z] ----------------------------------------------------------------------
[debug] [2020-01-14T20:06:29.052Z] 
[debug] [2020-01-14T20:06:29.056Z] > command requires scopes: ["email","openid","https://www.googleapis.com/auth/cloudplatformprojects.readonly","https://www.googleapis.com/auth/firebase","https://www.googleapis.com/auth/cloud-platform"]
[debug] [2020-01-14T20:06:29.056Z] > authorizing via signed-in user
[info] 
     ######## #### ########  ######## ########     ###     ######  ########
     ##        ##  ##     ## ##       ##     ##  ##   ##  ##       ##
     ######    ##  ########  ######   ########  #########  ######  ######
     ##        ##  ##    ##  ##       ##     ## ##     ##       ## ##
     ##       #### ##     ## ######## ########  ##     ##  ######  ########

You're about to initialize a Firebase project in this directory:

  /Users/rubenperezfeijoo/Desktop/JRS/final-project/parents-help-parents

[info] 
=== Project Setup
[info] 
[info] First, let's associate this project directory with a Firebase project.
[info] You can create multiple project aliases by running firebase use --add, 
[info] but for now we'll just set up a default project.
[info] 
[info] i  If you want to create a project in a Google Cloud organization or folder, please use "firebase projects:create" instead, and return to this command when you've created the project.
[debug] [2020-01-14T20:06:53.030Z] >>> HTTP REQUEST POST https://cloudresourcemanager.googleapis.com/v1/projects  

[debug] [2020-01-14T20:06:53.323Z] <<< HTTP RESPONSE 409
[debug] [2020-01-14T20:06:53.324Z] <<< HTTP RESPONSE BODY
[debug] [2020-01-14T20:06:53.325Z] HTTP Error: 409, Requested entity already exists
[debug] [2020-01-14T20:06:53.459Z] FirebaseError: HTTP Error: 409, Requested entity already exists
    at module.exports (/Users/rubenperezfeijoo/.cache/firebase/tools/lib/node_modules/firebase-tools/lib/responseToError.js:38:12)
    at Request._callback (/Users/rubenperezfeijoo/.cache/firebase/tools/lib/node_modules/firebase-tools/lib/api.js:39:35)
    at Request.self.callback (/Users/rubenperezfeijoo/.cache/firebase/tools/lib/node_modules/request/request.js:185:22)
    at Request.emit (events.js:210:5)
    at Request.EventEmitter.emit (domain.js:475:20)
    at Request.<anonymous> (/Users/rubenperezfeijoo/.cache/firebase/tools/lib/node_modules/request/request.js:1161:10)
    at Request.emit (events.js:210:5)
    at Request.EventEmitter.emit (domain.js:475:20)
    at IncomingMessage.<anonymous> (/Users/rubenperezfeijoo/.cache/firebase/tools/lib/node_modules/request/request.js:1083:12)
    at Object.onceWrapper (events.js:299:28)
    at IncomingMessage.emit (events.js:215:7)
    at IncomingMessage.EventEmitter.emit (domain.js:475:20)
    at endReadableNT (_stream_readable.js:1184:12)
    at processTicksAndRejections (internal/process/task_queues.js:80:21)
[error] 
[error] Error: Failed to create Google Cloud project. See firebase-debug.log for more info.
